<?xml version="1.0" encoding="UTF-8"?>
<!-- Generated by org.testng.reporters.JUnitReportReporter -->
<testsuite hostname="AGTWINLAP101" failures="0" tests="1" name="testCases.TC_001_AccountRegistrationTest" time="6.772" errors="0" timestamp="2024-01-16T13:30:12 IST" skipped="0">
  <testcase classname="testCases.TC_001_AccountRegistrationTest" name="testAccountRegistration" time="6.772"/>
</testsuite> <!-- testCases.TC_001_AccountRegistrationTest -->
